<?xml version="1.0" encoding="UTF-8"?>
<!-- Generated by org.testng.reporters.JUnitReportReporter -->
<testsuite hostname="DESKTOP-9541O0Q" name="org.flipkart.Task1" tests="1" failures="0" timestamp="13 Sep 2023 14:21:00 GMT" time="27.189" errors="0">
  <testcase name="test1" time="27.189" classname="org.flipkart.Task1"/>
</testsuite> <!-- org.flipkart.Task1 -->
