<?xml version="1.0" encoding="UTF-8"?>
<!-- Generated by org.testng.reporters.JUnitReportReporter -->
<testsuite hostname="DESKTOP-9541O0Q" name="org.flipkart.New" tests="1" failures="0" timestamp="6 Oct 2023 16:55:26 GMT" time="71.324" errors="0">
  <testcase name="test1" time="71.324" classname="org.flipkart.New"/>
</testsuite> <!-- org.flipkart.New -->
