<?xml version="1.0" encoding="UTF-8"?>
<!-- Generated by org.testng.reporters.JUnitReportReporter -->
<testsuite hostname="DESKTOP-9541O0Q" name="org.textboxsuggestion.Amazon" tests="1" failures="0" timestamp="12 Oct 2023 10:59:26 GMT" time="10.256" errors="0">
  <testcase name="test1" time="10.256" classname="org.textboxsuggestion.Amazon"/>
</testsuite> <!-- org.textboxsuggestion.Amazon -->
