<?xml version="1.0" encoding="UTF-8"?>
<!-- Generated by org.testng.reporters.JUnitReportReporter -->
<testsuite hostname="DESKTOP-9541O0Q" name="org.Amazon.Mobile" tests="1" failures="0" timestamp="27 Sep 2023 10:38:52 GMT" time="96.284" errors="0">
  <testcase name="test1" time="96.284" classname="org.Amazon.Mobile"/>
</testsuite> <!-- org.Amazon.Mobile -->
