<?xml version="1.0" encoding="UTF-8"?>
<!-- Generated by org.testng.reporters.JUnitReportReporter -->
<testsuite hostname="DESKTOP-9541O0Q" name="org.flipkart.Task1" tests="1" failures="0" timestamp="1 Oct 2023 12:51:47 GMT" time="39.286" errors="0">
  <testcase name="test1" time="39.286" classname="org.flipkart.Task1"/>
</testsuite> <!-- org.flipkart.Task1 -->
