<?xml version="1.0" encoding="UTF-8"?>
<!-- Generated by org.testng.reporters.JUnitReportReporter -->
<testsuite hostname="DESKTOP-9541O0Q" name="org.textboxsuggestion.Flipkart" tests="1" failures="0" timestamp="12 Oct 2023 11:15:21 GMT" time="7.465" errors="0">
  <testcase name="test1" time="7.465" classname="org.textboxsuggestion.Flipkart"/>
</testsuite> <!-- org.textboxsuggestion.Flipkart -->
