<?xml version="1.0" encoding="UTF-8"?>
<!-- Generated by org.testng.reporters.JUnitReportReporter -->
<testsuite hostname="DESKTOP-9541O0Q" name="org.adactin.Mainn" tests="1" failures="0" timestamp="24 Sep 2023 11:21:15 GMT" time="25.495" errors="0">
  <testcase name="test1" time="25.495" classname="org.adactin.Mainn"/>
</testsuite> <!-- org.adactin.Mainn -->
