<?xml version="1.0" encoding="UTF-8"?>
<!-- Generated by org.testng.reporters.JUnitReportReporter -->
<testsuite hostname="DESKTOP-9541O0Q" name="org.flipkart.MultiplePages" tests="1" failures="0" timestamp="6 Oct 2023 16:07:14 GMT" time="71.541" errors="0">
  <testcase name="test1" time="71.541" classname="org.flipkart.MultiplePages"/>
</testsuite> <!-- org.flipkart.MultiplePages -->
