<?xml version="1.0" encoding="UTF-8"?>
<!-- Generated by org.testng.reporters.JUnitReportReporter -->
<testsuite hostname="DESKTOP-9541O0Q" name="org.Amazon.Mobile" tests="1" failures="0" timestamp="28 Sep 2023 05:06:46 GMT" time="69.079" errors="0">
  <testcase name="test1" time="69.079" classname="org.Amazon.Mobile"/>
</testsuite> <!-- org.Amazon.Mobile -->
