<?xml version="1.0" encoding="UTF-8"?>
<!-- Generated by org.testng.reporters.JUnitReportReporter -->
<testsuite hostname="DESKTOP-9541O0Q" name="org.task.SumOfValues" tests="1" failures="0" timestamp="11 Oct 2023 20:13:53 GMT" time="1.176" errors="0">
  <testcase name="sum" time="1.176" classname="org.task.SumOfValues"/>
</testsuite> <!-- org.task.SumOfValues -->
