<?xml version="1.0" encoding="UTF-8"?>
<!-- Generated by org.testng.reporters.JUnitReportReporter -->
<testsuite hostname="DESKTOP-9541O0Q" name="org.flipkart.fileop" tests="1" failures="0" timestamp="6 Oct 2023 14:15:29 GMT" time="0.060" errors="0">
  <testcase name="text" time="0.060" classname="org.flipkart.fileop"/>
</testsuite> <!-- org.flipkart.fileop -->
