<?xml version="1.0" encoding="UTF-8"?>
<!-- Generated by org.testng.reporters.JUnitReportReporter -->
<testsuite hostname="DESKTOP-9541O0Q" name="org.flipkart.TextboxSuggestion" tests="1" failures="0" timestamp="11 Oct 2023 19:11:22 GMT" time="7.994" errors="0">
  <testcase name="test1" time="7.994" classname="org.flipkart.TextboxSuggestion"/>
</testsuite> <!-- org.flipkart.TextboxSuggestion -->
